<?xml version="1.0" encoding="UTF-8"?>
<!-- Generated by org.testng.reporters.JUnitXMLReporter -->
<testsuite ignored="0" hostname="zMachine" failures="0" tests="7" name="CRM Application Test Cases" time="93.872" errors="0" timestamp="2020-10-29T16:43:07 AEDT">
  <testcase classname="com.CRM.TestCases.ContactsPageTest" name="VerifyContactsPageLabel" time="2.085"/>
  <testcase classname="com.CRM.TestCases.ContactsPageTest" name="SelectContactTest" time="2.169"/>
  <testcase classname="com.CRM.TestCases.HomePageTest" name="VerifyTitlePageTest" time="0.006"/>
  <testcase classname="com.CRM.TestCases.HomePageTest" name="VerifyUsername" time="0.055"/>
  <testcase classname="com.CRM.TestCases.LoginPageTest" name="LoginPageTitleTest" time="0.041"/>
  <testcase classname="com.CRM.TestCases.LoginPageTest" name="CRMLogoTest" time="0.068"/>
  <testcase classname="com.CRM.TestCases.LoginPageTest" name="logintest" time="5.082"/>
</testsuite> <!-- CRM Application Test Cases -->
