<?xml version="1.0" encoding="UTF-8"?>
<!-- Generated by org.testng.reporters.JUnitXMLReporter -->
<testsuite ignored="1" hostname="zMachine" failures="0" tests="4" name="Default test" time="70.215" errors="0" timestamp="2020-11-19T17:39:15 AEDT">
  <testcase classname="com.CRM.TestCases.TasksPageTest" name="ValidateNewTasksDDT" time="2.947"/>
  <testcase classname="com.CRM.TestCases.TasksPageTest" name="ValidateNewTasksDDT" time="2.914"/>
  <testcase classname="com.CRM.TestCases.TasksPageTest" name="ValidateNewTasksDDT" time="3.034"/>
  <testcase classname="com.CRM.TestCases.TasksPageTest" name="ValidateNewTasksDDT" time="2.87"/>
  <testcase classname="com.CRM.TestCases.TasksPageTest" name="ValidateNewTask" time="0.0">
    <ignored/>
  </testcase> <!-- ValidateNewTask -->
</testsuite> <!-- Default test -->
