<?xml version="1.0" encoding="UTF-8"?>
<testsuite xmlns:xsi="http://www.w3.org/2001/XMLSchema-instance" xsi:noNamespaceSchemaLocation="https://maven.apache.org/surefire/maven-surefire-plugin/xsd/surefire-test-report.xsd" name="TestSuite" time="676.327" tests="8" errors="0" skipped="2" failures="1">
  <properties>
[...]
</properties>
  <testcase name="VerifyLoginTitle" classname="com.CRM.TestCases.LoginTest" time="0.052"/>
  <testcase name="VerifyLoginLogo" classname="com.CRM.TestCases.LoginTest" time="0.061"/>
  <testcase name="LoginTestMethod" classname="com.CRM.TestCases.LoginTest" time="5.078"/>
  <testcase name="VerifyHomePageLabel" classname="com.CRM.TestCases.HomePageTest" time="0.068"/>
  <testcase name="Setup" classname="com.CRM.TestCases.HomePageTest" time="603.993">
    <failure message="session not created exception&#10;from timeout: Timed out receiving message from renderer: 600.000&#10;  (Session info: chrome=86.0.4240.183)&#10;  (Driver info: chromedriver=2.36.540470 (e522d04694c7ebea4ba8821272dbef4f9b818c91),platform=Windows NT 10.0.19041 x86_64) (WARNING: The server did not provide any stacktrace information)&#10;Command duration or timeout: 602.69 seconds&#10;Build info: version: &apos;3.141.59&apos;, revision: &apos;e82be7d358&apos;, time: &apos;2018-11-14T08:17:03&apos;&#10;System info: host: &apos;ZMACHINE&apos;, ip: &apos;192.168.0.25&apos;, os.name: &apos;Windows 10&apos;, os.arch: &apos;amd64&apos;, os.version: &apos;10.0&apos;, java.version: &apos;13.0.2&apos;&#10;Driver info: driver.version: ChromeDriver" type="org.openqa.selenium.SessionNotCreatedException">org.openqa.selenium.SessionNotCreatedException: 
session not created exception
from timeout: Timed out receiving message from renderer: 600.000
  (Session info: chrome=86.0.4240.183)
  (Driver info: chromedriver=2.36.540470 (e522d04694c7ebea4ba8821272dbef4f9b818c91),platform=Windows NT 10.0.19041 x86_64) (WARNING: The server did not provide any stacktrace information)
Command duration or timeout: 602.69 seconds
Build info: version: '3.141.59', revision: 'e82be7d358', time: '2018-11-14T08:17:03'
System info: host: 'ZMACHINE', ip: '192.168.0.25', os.name: 'Windows 10', os.arch: 'amd64', os.version: '10.0', java.version: '13.0.2'
Driver info: driver.version: ChromeDriver
	at com.CRM.TestCases.HomePageTest.Setup(HomePageTest.java:28)
</failure>
    <system-err><![CDATA[Starting ChromeDriver 2.36.540470 (e522d04694c7ebea4ba8821272dbef4f9b818c91) on port 26800
Only local connections are allowed.
[1605056545.518][SEVERE]: Timed out receiving message from renderer: 600.000
]]></system-err>
  </testcase>
  <testcase name="VerifyHomePageTitle" classname="com.CRM.TestCases.HomePageTest" time="0">
    <skipped message="session not created exception&#10;from timeout: Timed out receiving message from renderer: 600.000&#10;  (Session info: chrome=86.0.4240.183)&#10;  (Driver info: chromedriver=2.36.540470 (e522d04694c7ebea4ba8821272dbef4f9b818c91),platform=Windows NT 10.0.19041 x86_64) (WARNING: The server did not provide any stacktrace information)&#10;Command duration or timeout: 602.69 seconds&#10;Build info: version: &apos;3.141.59&apos;, revision: &apos;e82be7d358&apos;, time: &apos;2018-11-14T08:17:03&apos;&#10;System info: host: &apos;ZMACHINE&apos;, ip: &apos;192.168.0.25&apos;, os.name: &apos;Windows 10&apos;, os.arch: &apos;amd64&apos;, os.version: &apos;10.0&apos;, java.version: &apos;13.0.2&apos;&#10;Driver info: driver.version: ChromeDriver"/>
  </testcase>
  <testcase name="tearDown" classname="com.CRM.TestCases.HomePageTest" time="0">
    <skipped/>
  </testcase>
  <testcase name="SelectContactsTest" classname="com.CRM.TestCases.ContactsPageTest" time="7.615"/>
</testsuite>