<?xml version="1.0" encoding="UTF-8"?>
<!-- Generated by org.testng.reporters.JUnitXMLReporter -->
<testsuite ignored="1" hostname="zMachine" failures="0" tests="6" name="CRM POM Project" time="80.932" errors="0" timestamp="2020-11-04T17:58:08 AEDT">
  <testcase classname="com.CRM.TestCases.LoginTest" name="ValidateTitleTest" time="0.033"/>
  <testcase classname="com.CRM.TestCases.LoginTest" name="ValidateLogo" time="0.064"/>
  <testcase classname="com.CRM.TestCases.LoginTest" name="LoginTestMethod" time="4.891"/>
  <testcase classname="com.CRM.TestCases.HomePageTest" name="ValidateUserLabelTest" time="0.063"/>
  <testcase classname="com.CRM.TestCases.HomePageTest" name="VerifyHomeTitleTest" time="0.006"/>
  <testcase classname="com.CRM.TestCases.ContactPageTest" name="SelectContactTest" time="2.299"/>
  <testcase classname="com.CRM.TestCases.ContactPageTest" name="VerifyContactLabel" time="0.0">
    <ignored/>
  </testcase> <!-- VerifyContactLabel -->
</testsuite> <!-- CRM POM Project -->
