<?xml version="1.0" encoding="UTF-8"?>
<!-- Generated by org.testng.reporters.JUnitXMLReporter -->
<testsuite ignored="3" hostname="zMachine" failures="0" tests="6" name="CRM Automation Project" time="82.749" errors="0" timestamp="2020-11-11T10:44:15 AEDT">
  <testcase classname="com.CRM.TestCases.LoginTest" name="VerifyLoginTitle" time="0.061"/>
  <testcase classname="com.CRM.TestCases.LoginTest" name="VerifyLoginLogo" time="0.092"/>
  <testcase classname="com.CRM.TestCases.LoginTest" name="LoginTestMethod" time="4.959"/>
  <testcase classname="com.CRM.TestCases.HomePageTest" name="VerifyHomePageLabel" time="0.091"/>
  <testcase classname="com.CRM.TestCases.HomePageTest" name="VerifyHomePageTitle" time="0.009"/>
  <testcase classname="com.CRM.TestCases.ContactsPageTest" name="SelectContactsTest" time="7.295"/>
  <testcase classname="com.CRM.TestCases.ContactsPageTest" name="VerifyContactsLabelTest" time="0.0">
    <ignored/>
  </testcase> <!-- VerifyContactsLabelTest -->
  <testcase classname="com.CRM.TestCases.ContactsPageTest" name="ValidateNewContact" time="0.0">
    <ignored/>
  </testcase> <!-- ValidateNewContact -->
  <testcase classname="com.CRM.TestCases.ContactsPageTest" name="ValidateNewContactDDT" time="0.0">
    <ignored/>
  </testcase> <!-- ValidateNewContactDDT -->
</testsuite> <!-- CRM Automation Project -->
