<?xml version="1.0" encoding="UTF-8"?>
<testng-results ignored="4" total="17" passed="12" failed="1" skipped="0">
  <reporter-output>
  </reporter-output>
  <suite started-at="2020-11-19T17:42:15 AEDT" name="CRM Project" finished-at="2020-11-19T17:45:36 AEDT" duration-ms="201805">
    <groups>
    </groups>
    <test started-at="2020-11-19T17:42:15 AEDT" name="CRM Automation Project" finished-at="2020-11-19T17:45:36 AEDT" duration-ms="201805">
      <class name="com.CRM.TestCases.LoginTest">
        <test-method is-config="true" signature="Setup()[pri:0, instance:com.CRM.TestCases.LoginTest@20d28811]" started-at="2020-11-19T17:42:15 AEDT" name="Setup" finished-at="2020-11-19T17:42:24 AEDT" duration-ms="9499" status="PASS">
          <reporter-output>
          </reporter-output>
        </test-method> <!-- Setup -->
        <test-method signature="VerifyLoginTitle()[pri:1, instance:com.CRM.TestCases.LoginTest@20d28811]" started-at="2020-11-19T17:42:24 AEDT" name="VerifyLoginTitle" finished-at="2020-11-19T17:42:24 AEDT" duration-ms="70" status="PASS">
          <reporter-output>
          </reporter-output>
        </test-method> <!-- VerifyLoginTitle -->
        <test-method is-config="true" signature="tearDown()[pri:0, instance:com.CRM.TestCases.LoginTest@20d28811]" started-at="2020-11-19T17:42:24 AEDT" name="tearDown" finished-at="2020-11-19T17:42:25 AEDT" duration-ms="712" status="PASS">
          <reporter-output>
          </reporter-output>
        </test-method> <!-- tearDown -->
        <test-method is-config="true" signature="Setup()[pri:0, instance:com.CRM.TestCases.LoginTest@20d28811]" started-at="2020-11-19T17:42:25 AEDT" name="Setup" finished-at="2020-11-19T17:42:33 AEDT" duration-ms="8490" status="PASS">
          <reporter-output>
          </reporter-output>
        </test-method> <!-- Setup -->
        <test-method signature="VerifyLoginLogo()[pri:2, instance:com.CRM.TestCases.LoginTest@20d28811]" started-at="2020-11-19T17:42:33 AEDT" name="VerifyLoginLogo" finished-at="2020-11-19T17:42:33 AEDT" duration-ms="78" status="PASS">
          <reporter-output>
          </reporter-output>
        </test-method> <!-- VerifyLoginLogo -->
        <test-method is-config="true" signature="tearDown()[pri:0, instance:com.CRM.TestCases.LoginTest@20d28811]" started-at="2020-11-19T17:42:33 AEDT" name="tearDown" finished-at="2020-11-19T17:42:34 AEDT" duration-ms="722" status="PASS">
          <reporter-output>
          </reporter-output>
        </test-method> <!-- tearDown -->
        <test-method is-config="true" signature="Setup()[pri:0, instance:com.CRM.TestCases.LoginTest@20d28811]" started-at="2020-11-19T17:42:34 AEDT" name="Setup" finished-at="2020-11-19T17:42:43 AEDT" duration-ms="8424" status="PASS">
          <reporter-output>
          </reporter-output>
        </test-method> <!-- Setup -->
        <test-method signature="LoginTestMethod()[pri:3, instance:com.CRM.TestCases.LoginTest@20d28811]" started-at="2020-11-19T17:42:43 AEDT" name="LoginTestMethod" finished-at="2020-11-19T17:42:47 AEDT" duration-ms="4740" status="PASS">
          <reporter-output>
          </reporter-output>
        </test-method> <!-- LoginTestMethod -->
        <test-method is-config="true" signature="tearDown()[pri:0, instance:com.CRM.TestCases.LoginTest@20d28811]" started-at="2020-11-19T17:42:47 AEDT" name="tearDown" finished-at="2020-11-19T17:42:48 AEDT" duration-ms="777" status="PASS">
          <reporter-output>
          </reporter-output>
        </test-method> <!-- tearDown -->
      </class> <!-- com.CRM.TestCases.LoginTest -->
      <class name="com.CRM.TestCases.ContactsPageTest">
        <test-method is-config="true" signature="Setup()[pri:0, instance:com.CRM.TestCases.ContactsPageTest@60d8c9b7]" started-at="2020-11-19T17:43:18 AEDT" name="Setup" finished-at="2020-11-19T17:43:32 AEDT" duration-ms="13615" status="PASS">
          <reporter-output>
          </reporter-output>
        </test-method> <!-- Setup -->
        <test-method signature="ValidateNewContactDDT(java.lang.String, java.lang.String, java.lang.String, java.lang.String, java.lang.String)[pri:4, instance:com.CRM.TestCases.ContactsPageTest@60d8c9b7]" started-at="2020-11-19T17:43:32 AEDT" name="ValidateNewContactDDT" data-provider="getCRMData" finished-at="2020-11-19T17:43:32 AEDT" duration-ms="760" status="FAIL">
          <params>
            <param index="0">
              <value>
                <![CDATA[Ms.]]>
              </value>
            </param>
            <param index="1">
              <value>
                <![CDATA[Khushali]]>
              </value>
            </param>
            <param index="2">
              <value>
                <![CDATA[Desai]]>
              </value>
            </param>
            <param index="3">
              <value>
                <![CDATA[NAB]]>
              </value>
            </param>
            <param index="4">
              <value>
                <![CDATA[Active]]>
              </value>
            </param>
          </params>
          <exception class="org.openqa.selenium.StaleElementReferenceException">
            <message>
              <![CDATA[stale element reference: element is not attached to the page document
  (Session info: chrome=86.0.4240.198)
  (Driver info: chromedriver=2.36.540470 (e522d04694c7ebea4ba8821272dbef4f9b818c91),platform=Windows NT 10.0.19041 x86_64) (WARNING: The server did not provide any stacktrace information)
Command duration or timeout: 0 milliseconds
For documentation on this error, please visit: https://www.seleniumhq.org/exceptions/stale_element_reference.html
Build info: version: '3.141.59', revision: 'e82be7d358', time: '2018-11-14T08:17:03'
System info: host: 'ZMACHINE', ip: '192.168.0.25', os.name: 'Windows 10', os.arch: 'amd64', os.version: '10.0', java.version: '13.0.2'
Driver info: org.openqa.selenium.chrome.ChromeDriver
Capabilities {acceptInsecureCerts: false, acceptSslCerts: false, applicationCacheEnabled: false, browserConnectionEnabled: false, browserName: chrome, chrome: {chromedriverVersion: 2.36.540470 (e522d04694c7eb..., userDataDir: C:\Users\dpkBhatt\AppData\L...}, cssSelectorsEnabled: true, databaseEnabled: false, handlesAlerts: true, hasTouchScreen: false, javascriptEnabled: true, locationContextEnabled: true, mobileEmulationEnabled: false, nativeEvents: true, networkConnectionEnabled: false, pageLoadStrategy: normal, platform: XP, platformName: XP, rotatable: false, setWindowRect: true, takesHeapSnapshot: true, takesScreenshot: true, unexpectedAlertBehaviour: , unhandledPromptBehavior: , version: 86.0.4240.198, webStorageEnabled: true}
Session ID: f3478bc999a42ca4eee438bcbd144511]]>
            </message>
            <full-stacktrace>
              <![CDATA[org.openqa.selenium.StaleElementReferenceException: stale element reference: element is not attached to the page document
  (Session info: chrome=86.0.4240.198)
  (Driver info: chromedriver=2.36.540470 (e522d04694c7ebea4ba8821272dbef4f9b818c91),platform=Windows NT 10.0.19041 x86_64) (WARNING: The server did not provide any stacktrace information)
Command duration or timeout: 0 milliseconds
For documentation on this error, please visit: https://www.seleniumhq.org/exceptions/stale_element_reference.html
Build info: version: '3.141.59', revision: 'e82be7d358', time: '2018-11-14T08:17:03'
System info: host: 'ZMACHINE', ip: '192.168.0.25', os.name: 'Windows 10', os.arch: 'amd64', os.version: '10.0', java.version: '13.0.2'
Driver info: org.openqa.selenium.chrome.ChromeDriver
Capabilities {acceptInsecureCerts: false, acceptSslCerts: false, applicationCacheEnabled: false, browserConnectionEnabled: false, browserName: chrome, chrome: {chromedriverVersion: 2.36.540470 (e522d04694c7eb..., userDataDir: C:\Users\dpkBhatt\AppData\L...}, cssSelectorsEnabled: true, databaseEnabled: false, handlesAlerts: true, hasTouchScreen: false, javascriptEnabled: true, locationContextEnabled: true, mobileEmulationEnabled: false, nativeEvents: true, networkConnectionEnabled: false, pageLoadStrategy: normal, platform: XP, platformName: XP, rotatable: false, setWindowRect: true, takesHeapSnapshot: true, takesScreenshot: true, unexpectedAlertBehaviour: , unhandledPromptBehavior: , version: 86.0.4240.198, webStorageEnabled: true}
Session ID: f3478bc999a42ca4eee438bcbd144511
at java.base/jdk.internal.reflect.NativeConstructorAccessorImpl.newInstance0(Native Method)
at java.base/jdk.internal.reflect.NativeConstructorAccessorImpl.newInstance(NativeConstructorAccessorImpl.java:62)
at java.base/jdk.internal.reflect.DelegatingConstructorAccessorImpl.newInstance(DelegatingConstructorAccessorImpl.java:45)
at java.base/java.lang.reflect.Constructor.newInstanceWithCaller(Constructor.java:500)
at java.base/java.lang.reflect.Constructor.newInstance(Constructor.java:481)
at org.openqa.selenium.remote.ErrorHandler.createThrowable(ErrorHandler.java:214)
at org.openqa.selenium.remote.ErrorHandler.throwIfResponseFailed(ErrorHandler.java:166)
at org.openqa.selenium.remote.http.JsonHttpResponseCodec.reconstructValue(JsonHttpResponseCodec.java:40)
at org.openqa.selenium.remote.http.AbstractHttpResponseCodec.decode(AbstractHttpResponseCodec.java:80)
at org.openqa.selenium.remote.http.AbstractHttpResponseCodec.decode(AbstractHttpResponseCodec.java:44)
at org.openqa.selenium.remote.HttpCommandExecutor.execute(HttpCommandExecutor.java:158)
at org.openqa.selenium.remote.service.DriverCommandExecutor.execute(DriverCommandExecutor.java:83)
at org.openqa.selenium.remote.RemoteWebDriver.execute(RemoteWebDriver.java:552)
at org.openqa.selenium.remote.RemoteWebElement.execute(RemoteWebElement.java:285)
at org.openqa.selenium.remote.RemoteWebElement.click(RemoteWebElement.java:84)
at java.base/jdk.internal.reflect.NativeMethodAccessorImpl.invoke0(Native Method)
at java.base/jdk.internal.reflect.NativeMethodAccessorImpl.invoke(NativeMethodAccessorImpl.java:62)
at java.base/jdk.internal.reflect.DelegatingMethodAccessorImpl.invoke(DelegatingMethodAccessorImpl.java:43)
at java.base/java.lang.reflect.Method.invoke(Method.java:567)
at org.openqa.selenium.support.events.EventFiringWebDriver$EventFiringWebElement.lambda$new$0(EventFiringWebDriver.java:404)
at com.sun.proxy.$Proxy16.click(Unknown Source)
at org.openqa.selenium.support.events.EventFiringWebDriver$EventFiringWebElement.click(EventFiringWebDriver.java:417)
at java.base/jdk.internal.reflect.NativeMethodAccessorImpl.invoke0(Native Method)
at java.base/jdk.internal.reflect.NativeMethodAccessorImpl.invoke(NativeMethodAccessorImpl.java:62)
at java.base/jdk.internal.reflect.DelegatingMethodAccessorImpl.invoke(DelegatingMethodAccessorImpl.java:43)
at java.base/java.lang.reflect.Method.invoke(Method.java:567)
at org.openqa.selenium.support.pagefactory.internal.LocatingElementHandler.invoke(LocatingElementHandler.java:51)
at com.sun.proxy.$Proxy15.click(Unknown Source)
at com.CRM.Pages.HomePage.ClickOnNewContactLinks(HomePage.java:58)
at com.CRM.TestCases.ContactsPageTest.ValidateNewContactDDT(ContactsPageTest.java:72)
at java.base/jdk.internal.reflect.NativeMethodAccessorImpl.invoke0(Native Method)
at java.base/jdk.internal.reflect.NativeMethodAccessorImpl.invoke(NativeMethodAccessorImpl.java:62)
at java.base/jdk.internal.reflect.DelegatingMethodAccessorImpl.invoke(DelegatingMethodAccessorImpl.java:43)
at java.base/java.lang.reflect.Method.invoke(Method.java:567)
at org.testng.internal.MethodInvocationHelper.invokeMethod(MethodInvocationHelper.java:134)
at org.testng.internal.TestInvoker.invokeMethod(TestInvoker.java:597)
at org.testng.internal.TestInvoker.invokeTestMethod(TestInvoker.java:173)
at org.testng.internal.MethodRunner.runInSequence(MethodRunner.java:46)
at org.testng.internal.TestInvoker$MethodInvocationAgent.invoke(TestInvoker.java:816)
at org.testng.internal.TestInvoker.invokeTestMethods(TestInvoker.java:146)
at org.testng.internal.TestMethodWorker.invokeTestMethods(TestMethodWorker.java:146)
at org.testng.internal.TestMethodWorker.run(TestMethodWorker.java:128)
at java.base/java.util.ArrayList.forEach(ArrayList.java:1507)
at org.testng.TestRunner.privateRun(TestRunner.java:766)
at org.testng.TestRunner.run(TestRunner.java:587)
at org.testng.SuiteRunner.runTest(SuiteRunner.java:384)
at org.testng.SuiteRunner.runSequentially(SuiteRunner.java:378)
at org.testng.SuiteRunner.privateRun(SuiteRunner.java:337)
at org.testng.SuiteRunner.run(SuiteRunner.java:286)
at org.testng.SuiteRunnerWorker.runSuite(SuiteRunnerWorker.java:53)
at org.testng.SuiteRunnerWorker.run(SuiteRunnerWorker.java:96)
at org.testng.TestNG.runSuitesSequentially(TestNG.java:1187)
at org.testng.TestNG.runSuitesLocally(TestNG.java:1109)
at org.testng.TestNG.runSuites(TestNG.java:1039)
at org.testng.TestNG.run(TestNG.java:1007)
at org.testng.remote.AbstractRemoteTestNG.run(AbstractRemoteTestNG.java:115)
at org.testng.remote.RemoteTestNG.initAndRun(RemoteTestNG.java:251)
at org.testng.remote.RemoteTestNG.main(RemoteTestNG.java:77)
]]>
            </full-stacktrace>
          </exception> <!-- org.openqa.selenium.StaleElementReferenceException -->
          <reporter-output>
          </reporter-output>
        </test-method> <!-- ValidateNewContactDDT -->
        <test-method is-config="true" signature="tearDown()[pri:0, instance:com.CRM.TestCases.ContactsPageTest@60d8c9b7]" started-at="2020-11-19T17:43:32 AEDT" name="tearDown" finished-at="2020-11-19T17:43:33 AEDT" duration-ms="726" status="PASS">
          <reporter-output>
          </reporter-output>
        </test-method> <!-- tearDown -->
        <test-method is-config="true" signature="Setup()[pri:0, instance:com.CRM.TestCases.ContactsPageTest@60d8c9b7]" started-at="2020-11-19T17:43:33 AEDT" name="Setup" finished-at="2020-11-19T17:43:47 AEDT" duration-ms="13563" status="PASS">
          <reporter-output>
          </reporter-output>
        </test-method> <!-- Setup -->
        <test-method signature="ValidateNewContactDDT(java.lang.String, java.lang.String, java.lang.String, java.lang.String, java.lang.String)[pri:4, instance:com.CRM.TestCases.ContactsPageTest@60d8c9b7]" started-at="2020-11-19T17:43:47 AEDT" name="ValidateNewContactDDT" data-provider="getCRMData" finished-at="2020-11-19T17:43:50 AEDT" duration-ms="3799" status="PASS">
          <params>
            <param index="0">
              <value>
                <![CDATA[Ms.]]>
              </value>
            </param>
            <param index="1">
              <value>
                <![CDATA[Manali]]>
              </value>
            </param>
            <param index="2">
              <value>
                <![CDATA[Joshi]]>
              </value>
            </param>
            <param index="3">
              <value>
                <![CDATA[INFOSYS]]>
              </value>
            </param>
            <param index="4">
              <value>
                <![CDATA[Hot]]>
              </value>
            </param>
          </params>
          <reporter-output>
          </reporter-output>
        </test-method> <!-- ValidateNewContactDDT -->
        <test-method is-config="true" signature="tearDown()[pri:0, instance:com.CRM.TestCases.ContactsPageTest@60d8c9b7]" started-at="2020-11-19T17:43:50 AEDT" name="tearDown" finished-at="2020-11-19T17:43:51 AEDT" duration-ms="710" status="PASS">
          <reporter-output>
          </reporter-output>
        </test-method> <!-- tearDown -->
        <test-method is-config="true" signature="Setup()[pri:0, instance:com.CRM.TestCases.ContactsPageTest@60d8c9b7]" started-at="2020-11-19T17:43:51 AEDT" name="Setup" finished-at="2020-11-19T17:44:05 AEDT" duration-ms="13553" status="PASS">
          <reporter-output>
          </reporter-output>
        </test-method> <!-- Setup -->
        <test-method signature="ValidateNewContactDDT(java.lang.String, java.lang.String, java.lang.String, java.lang.String, java.lang.String)[pri:4, instance:com.CRM.TestCases.ContactsPageTest@60d8c9b7]" started-at="2020-11-19T17:44:05 AEDT" name="ValidateNewContactDDT" data-provider="getCRMData" finished-at="2020-11-19T17:44:08 AEDT" duration-ms="3275" status="PASS">
          <params>
            <param index="0">
              <value>
                <![CDATA[Mr.]]>
              </value>
            </param>
            <param index="1">
              <value>
                <![CDATA[Bhavya]]>
              </value>
            </param>
            <param index="2">
              <value>
                <![CDATA[Mehta]]>
              </value>
            </param>
            <param index="3">
              <value>
                <![CDATA[Cybage]]>
              </value>
            </param>
            <param index="4">
              <value>
                <![CDATA[Inactive]]>
              </value>
            </param>
          </params>
          <reporter-output>
          </reporter-output>
        </test-method> <!-- ValidateNewContactDDT -->
        <test-method is-config="true" signature="tearDown()[pri:0, instance:com.CRM.TestCases.ContactsPageTest@60d8c9b7]" started-at="2020-11-19T17:44:08 AEDT" name="tearDown" finished-at="2020-11-19T17:44:09 AEDT" duration-ms="738" status="PASS">
          <reporter-output>
          </reporter-output>
        </test-method> <!-- tearDown -->
        <test-method is-config="true" signature="Setup()[pri:0, instance:com.CRM.TestCases.ContactsPageTest@60d8c9b7]" started-at="2020-11-19T17:44:09 AEDT" name="Setup" finished-at="2020-11-19T17:44:22 AEDT" duration-ms="13504" status="PASS">
          <reporter-output>
          </reporter-output>
        </test-method> <!-- Setup -->
        <test-method signature="ValidateNewContactDDT(java.lang.String, java.lang.String, java.lang.String, java.lang.String, java.lang.String)[pri:4, instance:com.CRM.TestCases.ContactsPageTest@60d8c9b7]" started-at="2020-11-19T17:44:22 AEDT" name="ValidateNewContactDDT" data-provider="getCRMData" finished-at="2020-11-19T17:44:26 AEDT" duration-ms="3629" status="PASS">
          <params>
            <param index="0">
              <value>
                <![CDATA[Ms.]]>
              </value>
            </param>
            <param index="1">
              <value>
                <![CDATA[Khushi]]>
              </value>
            </param>
            <param index="2">
              <value>
                <![CDATA[Desai]]>
              </value>
            </param>
            <param index="3">
              <value>
                <![CDATA[NAB]]>
              </value>
            </param>
            <param index="4">
              <value>
                <![CDATA[New]]>
              </value>
            </param>
          </params>
          <reporter-output>
          </reporter-output>
        </test-method> <!-- ValidateNewContactDDT -->
        <test-method is-config="true" signature="tearDown()[pri:0, instance:com.CRM.TestCases.ContactsPageTest@60d8c9b7]" started-at="2020-11-19T17:44:26 AEDT" name="tearDown" finished-at="2020-11-19T17:44:27 AEDT" duration-ms="748" status="PASS">
          <reporter-output>
          </reporter-output>
        </test-method> <!-- tearDown -->
      </class> <!-- com.CRM.TestCases.ContactsPageTest -->
      <class name="com.CRM.TestCases.TasksPageTest">
        <test-method is-config="true" signature="Setup()[pri:0, instance:com.CRM.TestCases.TasksPageTest@48aaecc3]" started-at="2020-11-19T17:44:27 AEDT" name="Setup" finished-at="2020-11-19T17:44:40 AEDT" duration-ms="13704" status="PASS">
          <reporter-output>
          </reporter-output>
        </test-method> <!-- Setup -->
        <test-method signature="ValidateNewTasksDDT(java.lang.String, java.lang.String, java.lang.String, java.lang.String, java.lang.String, java.lang.String)[pri:2, instance:com.CRM.TestCases.TasksPageTest@48aaecc3]" started-at="2020-11-19T17:44:40 AEDT" name="ValidateNewTasksDDT" data-provider="GetTasksData" finished-at="2020-11-19T17:44:43 AEDT" duration-ms="3092" status="PASS">
          <params>
            <param index="0">
              <value>
                <![CDATA[Ms.]]>
              </value>
            </param>
            <param index="1">
              <value>
                <![CDATA[Extend deadline by 1 day]]>
              </value>
            </param>
            <param index="2">
              <value>
                <![CDATA[Open]]>
              </value>
            </param>
            <param index="3">
              <value>
                <![CDATA[30.0]]>
              </value>
            </param>
            <param index="4">
              <value>
                <![CDATA[Call]]>
              </value>
            </param>
            <param index="5">
              <value>
                <![CDATA[High]]>
              </value>
            </param>
          </params>
          <reporter-output>
          </reporter-output>
        </test-method> <!-- ValidateNewTasksDDT -->
        <test-method is-config="true" signature="tearDown()[pri:0, instance:com.CRM.TestCases.TasksPageTest@48aaecc3]" started-at="2020-11-19T17:44:43 AEDT" name="tearDown" finished-at="2020-11-19T17:44:44 AEDT" duration-ms="696" status="PASS">
          <reporter-output>
          </reporter-output>
        </test-method> <!-- tearDown -->
        <test-method is-config="true" signature="Setup()[pri:0, instance:com.CRM.TestCases.TasksPageTest@48aaecc3]" started-at="2020-11-19T17:44:44 AEDT" name="Setup" finished-at="2020-11-19T17:44:58 AEDT" duration-ms="13525" status="PASS">
          <reporter-output>
          </reporter-output>
        </test-method> <!-- Setup -->
        <test-method signature="ValidateNewTasksDDT(java.lang.String, java.lang.String, java.lang.String, java.lang.String, java.lang.String, java.lang.String)[pri:2, instance:com.CRM.TestCases.TasksPageTest@48aaecc3]" started-at="2020-11-19T17:44:58 AEDT" name="ValidateNewTasksDDT" data-provider="GetTasksData" finished-at="2020-11-19T17:45:01 AEDT" duration-ms="3285" status="PASS">
          <params>
            <param index="0">
              <value>
                <![CDATA[Ms.]]>
              </value>
            </param>
            <param index="1">
              <value>
                <![CDATA[Do not auto extend deadline]]>
              </value>
            </param>
            <param index="2">
              <value>
                <![CDATA[Open]]>
              </value>
            </param>
            <param index="3">
              <value>
                <![CDATA[50.0]]>
              </value>
            </param>
            <param index="4">
              <value>
                <![CDATA[Email]]>
              </value>
            </param>
            <param index="5">
              <value>
                <![CDATA[Low]]>
              </value>
            </param>
          </params>
          <reporter-output>
          </reporter-output>
        </test-method> <!-- ValidateNewTasksDDT -->
        <test-method is-config="true" signature="tearDown()[pri:0, instance:com.CRM.TestCases.TasksPageTest@48aaecc3]" started-at="2020-11-19T17:45:01 AEDT" name="tearDown" finished-at="2020-11-19T17:45:02 AEDT" duration-ms="723" status="PASS">
          <reporter-output>
          </reporter-output>
        </test-method> <!-- tearDown -->
        <test-method is-config="true" signature="Setup()[pri:0, instance:com.CRM.TestCases.TasksPageTest@48aaecc3]" started-at="2020-11-19T17:45:02 AEDT" name="Setup" finished-at="2020-11-19T17:45:15 AEDT" duration-ms="13317" status="PASS">
          <reporter-output>
          </reporter-output>
        </test-method> <!-- Setup -->
        <test-method signature="ValidateNewTasksDDT(java.lang.String, java.lang.String, java.lang.String, java.lang.String, java.lang.String, java.lang.String)[pri:2, instance:com.CRM.TestCases.TasksPageTest@48aaecc3]" started-at="2020-11-19T17:45:15 AEDT" name="ValidateNewTasksDDT" data-provider="GetTasksData" finished-at="2020-11-19T17:45:18 AEDT" duration-ms="3273" status="PASS">
          <params>
            <param index="0">
              <value>
                <![CDATA[Mr.]]>
              </value>
            </param>
            <param index="1">
              <value>
                <![CDATA[Extend deadline by 1 day]]>
              </value>
            </param>
            <param index="2">
              <value>
                <![CDATA[Open]]>
              </value>
            </param>
            <param index="3">
              <value>
                <![CDATA[80.0]]>
              </value>
            </param>
            <param index="4">
              <value>
                <![CDATA[Event]]>
              </value>
            </param>
            <param index="5">
              <value>
                <![CDATA[Normal]]>
              </value>
            </param>
          </params>
          <reporter-output>
          </reporter-output>
        </test-method> <!-- ValidateNewTasksDDT -->
        <test-method is-config="true" signature="tearDown()[pri:0, instance:com.CRM.TestCases.TasksPageTest@48aaecc3]" started-at="2020-11-19T17:45:18 AEDT" name="tearDown" finished-at="2020-11-19T17:45:19 AEDT" duration-ms="716" status="PASS">
          <reporter-output>
          </reporter-output>
        </test-method> <!-- tearDown -->
        <test-method is-config="true" signature="Setup()[pri:0, instance:com.CRM.TestCases.TasksPageTest@48aaecc3]" started-at="2020-11-19T17:45:19 AEDT" name="Setup" finished-at="2020-11-19T17:45:33 AEDT" duration-ms="13621" status="PASS">
          <reporter-output>
          </reporter-output>
        </test-method> <!-- Setup -->
        <test-method signature="ValidateNewTasksDDT(java.lang.String, java.lang.String, java.lang.String, java.lang.String, java.lang.String, java.lang.String)[pri:2, instance:com.CRM.TestCases.TasksPageTest@48aaecc3]" started-at="2020-11-19T17:45:33 AEDT" name="ValidateNewTasksDDT" data-provider="GetTasksData" finished-at="2020-11-19T17:45:36 AEDT" duration-ms="3071" status="PASS">
          <params>
            <param index="0">
              <value>
                <![CDATA[Ms.]]>
              </value>
            </param>
            <param index="1">
              <value>
                <![CDATA[Do not auto extend deadline]]>
              </value>
            </param>
            <param index="2">
              <value>
                <![CDATA[Open]]>
              </value>
            </param>
            <param index="3">
              <value>
                <![CDATA[60.0]]>
              </value>
            </param>
            <param index="4">
              <value>
                <![CDATA[Call]]>
              </value>
            </param>
            <param index="5">
              <value>
                <![CDATA[High]]>
              </value>
            </param>
          </params>
          <reporter-output>
          </reporter-output>
        </test-method> <!-- ValidateNewTasksDDT -->
        <test-method is-config="true" signature="tearDown()[pri:0, instance:com.CRM.TestCases.TasksPageTest@48aaecc3]" started-at="2020-11-19T17:45:36 AEDT" name="tearDown" finished-at="2020-11-19T17:45:36 AEDT" duration-ms="706" status="PASS">
          <reporter-output>
          </reporter-output>
        </test-method> <!-- tearDown -->
      </class> <!-- com.CRM.TestCases.TasksPageTest -->
      <class name="com.CRM.TestCases.HomePageTest">
        <test-method is-config="true" signature="Setup()[pri:0, instance:com.CRM.TestCases.HomePageTest@3967e60c]" started-at="2020-11-19T17:42:48 AEDT" name="Setup" finished-at="2020-11-19T17:43:02 AEDT" duration-ms="13819" status="PASS">
          <reporter-output>
          </reporter-output>
        </test-method> <!-- Setup -->
        <test-method signature="VerifyHomePageLabel()[pri:0, instance:com.CRM.TestCases.HomePageTest@3967e60c]" started-at="2020-11-19T17:43:02 AEDT" name="VerifyHomePageLabel" finished-at="2020-11-19T17:43:02 AEDT" duration-ms="58" status="PASS">
          <reporter-output>
          </reporter-output>
        </test-method> <!-- VerifyHomePageLabel -->
        <test-method is-config="true" signature="tearDown()[pri:0, instance:com.CRM.TestCases.HomePageTest@3967e60c]" started-at="2020-11-19T17:43:02 AEDT" name="tearDown" finished-at="2020-11-19T17:43:03 AEDT" duration-ms="682" status="PASS">
          <reporter-output>
          </reporter-output>
        </test-method> <!-- tearDown -->
        <test-method is-config="true" signature="Setup()[pri:0, instance:com.CRM.TestCases.HomePageTest@3967e60c]" started-at="2020-11-19T17:43:03 AEDT" name="Setup" finished-at="2020-11-19T17:43:16 AEDT" duration-ms="13845" status="PASS">
          <reporter-output>
          </reporter-output>
        </test-method> <!-- Setup -->
        <test-method signature="VerifyHomePageTitle()[pri:0, instance:com.CRM.TestCases.HomePageTest@3967e60c]" started-at="2020-11-19T17:43:16 AEDT" name="VerifyHomePageTitle" finished-at="2020-11-19T17:43:17 AEDT" duration-ms="9" status="PASS">
          <reporter-output>
          </reporter-output>
        </test-method> <!-- VerifyHomePageTitle -->
        <test-method is-config="true" signature="tearDown()[pri:0, instance:com.CRM.TestCases.HomePageTest@3967e60c]" started-at="2020-11-19T17:43:17 AEDT" name="tearDown" finished-at="2020-11-19T17:43:17 AEDT" duration-ms="694" status="PASS">
          <reporter-output>
          </reporter-output>
        </test-method> <!-- tearDown -->
      </class> <!-- com.CRM.TestCases.HomePageTest -->
    </test> <!-- CRM Automation Project -->
  </suite> <!-- CRM Project -->
</testng-results>
